0 info it worked if it ends with ok
1 verbose cli [
1 verbose cli   'C:\\Program Files\\nodejs\\node.exe',
1 verbose cli   'C:\\Users\\MiguelAngel\\Desktop\\Seguridad\\MammaIA2\\node_modules\\npm\\bin\\npm-cli.js',
1 verbose cli   'run',
1 verbose cli   'dev:backend'
1 verbose cli ]
2 info using npm@2.15.12
3 info using node@v20.18.0
4 verbose run-script [ 'predev:backend', 'dev:backend', 'postdev:backend' ]
5 info predev:backend mamma-ia@1.0.0
6 info dev:backend mamma-ia@1.0.0
7 verbose unsafe-perm in lifecycle true
8 info mamma-ia@1.0.0 Failed to exec dev:backend script
9 verbose stack Error: mamma-ia@1.0.0 dev:backend: `node server.js`
9 verbose stack Exit status 1
9 verbose stack     at EventEmitter.<anonymous> (C:\Users\MiguelAngel\Desktop\Seguridad\MammaIA2\node_modules\npm\lib\utils\lifecycle.js:217:16)
9 verbose stack     at EventEmitter.emit (node:events:519:28)
9 verbose stack     at ChildProcess.<anonymous> (C:\Users\MiguelAngel\Desktop\Seguridad\MammaIA2\node_modules\npm\lib\utils\spawn.js:24:14)
9 verbose stack     at ChildProcess.emit (node:events:519:28)
9 verbose stack     at maybeClose (node:internal/child_process:1105:16)
9 verbose stack     at ChildProcess._handle.onexit (node:internal/child_process:305:5)
10 verbose pkgid mamma-ia@1.0.0
11 verbose cwd C:\Users\MiguelAngel\Desktop\Seguridad\MammaIA2
12 error Windows_NT 10.0.22631
13 error argv "C:\\Program Files\\nodejs\\node.exe" "C:\\Users\\MiguelAngel\\Desktop\\Seguridad\\MammaIA2\\node_modules\\npm\\bin\\npm-cli.js" "run" "dev:backend"
14 error node v20.18.0
15 error npm  v2.15.12
16 error code ELIFECYCLE
17 error mamma-ia@1.0.0 dev:backend: `node server.js`
17 error Exit status 1
18 error Failed at the mamma-ia@1.0.0 dev:backend script 'node server.js'.
18 error This is most likely a problem with the mamma-ia package,
18 error not with npm itself.
18 error Tell the author that this fails on your system:
18 error     node server.js
18 error You can get information on how to open an issue for this project with:
18 error     npm bugs mamma-ia
18 error Or if that isn't available, you can get their info via:
18 error
18 error     npm owner ls mamma-ia
18 error There is likely additional logging output above.
19 verbose exit [ 1, true ]
